# JRE version: OpenJDK Runtime Environment AdoptOpenJDK (11.0.10+9) (build 11.0.10+9)
# Java VM: OpenJDK 64-Bit Server VM AdoptOpenJDK (11.0.10+9, mixed mode, tiered, compressed oops, g1 gc, windows-amd64)
Heap:
 garbage-first heap   total 262144K, used 23317K [0x00000000e0000000, 0x0000000100000000)
  region size 1024K, 8 young (8192K), 1 survivors (1024K)
 Metaspace       used 22897K, capacity 23449K, committed 23552K, reserved 274432K
  class space    used 2898K, capacity 3065K, committed 3072K, reserved 253952K
GC Heap History (6 events):
Event: 2.072 GC heap before
{Heap before GC invocations=0 (full 0):
 garbage-first heap   total 262144K, used 29696K [0x00000000e0000000, 0x0000000100000000)
  region size 1024K, 24 young (24576K), 0 survivors (0K)
 Metaspace       used 10692K, capacity 10939K, committed 11264K, reserved 264192K
  class space    used 1123K, capacity 1201K, committed 1280K, reserved 253952K
}
Event: 2.077 GC heap after
{Heap after GC invocations=1 (full 0):
 garbage-first heap   total 262144K, used 8595K [0x00000000e0000000, 0x0000000100000000)
  region size 1024K, 3 young (3072K), 3 survivors (3072K)
 Metaspace       used 10692K, capacity 10939K, committed 11264K, reserved 264192K
  class space    used 1123K, capacity 1201K, committed 1280K, reserved 253952K
}
Event: 16.537 GC heap before
{Heap before GC invocations=1 (full 0):
 garbage-first heap   total 262144K, used 94611K [0x00000000e0000000, 0x0000000100000000)
  region size 1024K, 88 young (90112K), 3 survivors (3072K)
 Metaspace       used 20622K, capacity 21107K, committed 21248K, reserved 272384K
  class space    used 2529K, capacity 2708K, committed 2816K, reserved 253952K
}
Event: 16.551 GC heap after
{Heap after GC invocations=2 (full 0):
 garbage-first heap   total 262144K, used 15950K [0x00000000e0000000, 0x0000000100000000)
  region size 1024K, 11 young (11264K), 11 survivors (11264K)
 Metaspace       used 20622K, capacity 21107K, committed 21248K, reserved 272384K
  class space    used 2529K, capacity 2708K, committed 2816K, reserved 253952K
}
Event: 17.445 GC heap before
{Heap before GC invocations=3 (full 0):
 garbage-first heap   total 262144K, used 31310K [0x00000000e0000000, 0x0000000100000000)
  region size 1024K, 26 young (26624K), 11 survivors (11264K)
 Metaspace       used 21700K, capacity 22183K, committed 22400K, reserved 274432K
  class space    used 2749K, capacity 2940K, committed 2944K, reserved 253952K
}
Event: 17.451 GC heap after
{Heap after GC invocations=4 (full 0):
 garbage-first heap   total 262144K, used 17173K [0x00000000e0000000, 0x0000000100000000)
  region size 1024K, 1 young (1024K), 1 survivors (1024K)
 Metaspace       used 21700K, capacity 22183K, committed 22400K, reserved 274432K
  class space    used 2749K, capacity 2940K, committed 2944K, reserved 253952K
}

